<?xml version="1.0" encoding="UTF-8"?>
<testng-results skipped="0" failed="0" ignored="0" total="2" passed="2">
  <reporter-output>
  </reporter-output>
  <suite name="Command line suite" duration-ms="24007" started-at="2021-01-07T15:27:01Z" finished-at="2021-01-07T15:27:25Z">
    <groups>
    </groups>
    <test name="Command line test" duration-ms="24007" started-at="2021-01-07T15:27:01Z" finished-at="2021-01-07T15:27:25Z">
      <class name="com.test.DemoTest">
        <test-method status="PASS" signature="loginTest()[pri:0, instance:com.test.DemoTest@8bc3d5]" name="loginTest" duration-ms="10383" started-at="2021-01-07T15:27:15Z" finished-at="2021-01-07T15:27:25Z">
          <reporter-output>
          </reporter-output>
        </test-method> <!-- loginTest -->
      </class> <!-- com.test.DemoTest -->
      <class name="com.test.DashboardTest">
        <test-method status="PASS" signature="test1()[pri:0, instance:com.test.DashboardTest@fb434]" name="test1" duration-ms="13604" started-at="2021-01-07T15:27:01Z" finished-at="2021-01-07T15:27:15Z">
          <reporter-output>
          </reporter-output>
        </test-method> <!-- test1 -->
      </class> <!-- com.test.DashboardTest -->
    </test> <!-- Command line test -->
  </suite> <!-- Command line suite -->
</testng-results>
