<?xml version="1.0" encoding="UTF-8"?>
<testng-results ignored="0" total="3" passed="3" failed="0" skipped="0">
  <reporter-output>
  </reporter-output>
  <suite started-at="2020-12-24T18:46:27 IST" name="Default suite" finished-at="2020-12-24T18:46:28 IST" duration-ms="937">
    <groups>
    </groups>
    <test started-at="2020-12-24T18:46:27 IST" name="Default test" finished-at="2020-12-24T18:46:28 IST" duration-ms="937">
      <class name="com.MavenFirstProject.DemoTest1">
        <test-method is-config="true" signature="login()[pri:0, instance:com.MavenFirstProject.DemoTest1@73ee04c8]" started-at="2020-12-24T18:46:16 IST" name="login" finished-at="2020-12-24T18:46:27 IST" duration-ms="10883" status="PASS">
          <reporter-output>
          </reporter-output>
        </test-method> <!-- login -->
        <test-method signature="logintest1()[pri:0, instance:com.MavenFirstProject.DemoTest1@73ee04c8]" started-at="2020-12-24T18:46:27 IST" name="logintest1" finished-at="2020-12-24T18:46:28 IST" duration-ms="769" status="PASS">
          <reporter-output>
          </reporter-output>
        </test-method> <!-- logintest1 -->
        <test-method signature="logotest()[pri:0, instance:com.MavenFirstProject.DemoTest1@73ee04c8]" started-at="2020-12-24T18:46:28 IST" name="logotest" finished-at="2020-12-24T18:46:28 IST" duration-ms="42" status="PASS">
          <reporter-output>
          </reporter-output>
        </test-method> <!-- logotest -->
        <test-method signature="verifyCourses()[pri:0, instance:com.MavenFirstProject.DemoTest1@73ee04c8]" started-at="2020-12-24T18:46:28 IST" name="verifyCourses" finished-at="2020-12-24T18:46:28 IST" duration-ms="102" status="PASS">
          <reporter-output>
          </reporter-output>
        </test-method> <!-- verifyCourses -->
      </class> <!-- com.MavenFirstProject.DemoTest1 -->
    </test> <!-- Default test -->
  </suite> <!-- Default suite -->
</testng-results>
