<?xml version="1.0" encoding="UTF-8" ?>
<testsuite tests="2" failures="1" name="TestSuite" time="30.759" errors="0" skipped="0">
  <properties>
[...]
</properties>
  <testcase classname="com.test.DashboardTest" name="verifyCourses" time="0.007">
    <failure message="Cannot invoke &quot;com.MavenFirstProject.DashboardPage.verifyCourses()&quot; because &quot;this.dp&quot; is null" type="java.lang.NullPointerException">java.lang.NullPointerException: Cannot invoke &quot;com.MavenFirstProject.DashboardPage.verifyCourses()&quot; because &quot;this.dp&quot; is null
	at com.test.DashboardTest.verifyCourses(DashboardTest.java:11)
</failure>
    <system-out>Configuring TestNG with: org.apache.maven.surefire.testng.conf.TestNG652Configurator@51cdd8a
</system-out>
  </testcase>
  <testcase classname="com.test.DemoTest" name="loginTest" time="30.752"/>
</testsuite>