-------------------------------------------------------------------------------
Test set: TestSuite
-------------------------------------------------------------------------------
Tests run: 2, Failures: 1, Errors: 0, Skipped: 0, Time elapsed: 31.073 sec <<< FAILURE!
verifyCourses(com.test.DashboardTest)  Time elapsed: 0.007 sec  <<< FAILURE!
java.lang.NullPointerException: Cannot invoke "com.MavenFirstProject.DashboardPage.verifyCourses()" because "this.dp" is null
	at com.test.DashboardTest.verifyCourses(DashboardTest.java:11)

