<?xml version="1.0" encoding="UTF-8"?>
<!-- Generated by org.testng.reporters.JUnitXMLReporter -->
<testsuite hostname="LAPTOP-09M7L6ER" ignored="0" tests="0" failures="0" timestamp="01 Jan 2021 16:31:04 GMT" time="0.004" errors="0">
  <testcase name="@BeforeSuite setup" time="0.07" classname="com.test.LoginTest">
    <failure type="java.lang.IllegalStateException" message="The driver executable does not exist: C:\chromedriver.exe">
      <![CDATA[java.lang.IllegalStateException: The driver executable does not exist: C:\chromedriver.exe
at com.google.common.base.Preconditions.checkState(Preconditions.java:585)
at org.openqa.selenium.remote.service.DriverService.checkExecutable(DriverService.java:146)
at org.openqa.selenium.remote.service.DriverService.findExecutable(DriverService.java:141)
at org.openqa.selenium.chrome.ChromeDriverService.access$000(ChromeDriverService.java:35)
at org.openqa.selenium.chrome.ChromeDriverService$Builder.findDefaultExecutable(ChromeDriverService.java:159)
at org.openqa.selenium.remote.service.DriverService$Builder.build(DriverService.java:355)
at org.openqa.selenium.chrome.ChromeDriverService.createDefaultService(ChromeDriverService.java:94)
at org.openqa.selenium.chrome.ChromeDriver.<init>(ChromeDriver.java:123)
at com.test.LoginTest.setup(LoginTest.java:20)
... Removed 29 stack frames]]>
    </failure>
  </testcase> <!-- @BeforeSuite setup -->
</testsuite>
