<?xml version="1.0" encoding="UTF-8"?>
<!-- Generated by org.testng.reporters.JUnitXMLReporter -->
<testsuite ignored="0" hostname="LAPTOP-09M7L6ER" failures="0" tests="3" name="Default test" time="0.937" errors="0" timestamp="2020-12-24T18:46:28 IST">
  <testcase classname="com.MavenFirstProject.DemoTest1" name="logintest1" time="0.769"/>
  <testcase classname="com.MavenFirstProject.DemoTest1" name="logotest" time="0.042"/>
  <testcase classname="com.MavenFirstProject.DemoTest1" name="verifyCourses" time="0.102"/>
</testsuite> <!-- Default test -->
