<?xml version="1.0" encoding="UTF-8"?>
<!-- Generated by org.testng.reporters.JUnitXMLReporter -->
<testsuite ignored="0" hostname="LAPTOP-09M7L6ER" failures="1" tests="2" name="Command line test" time="30.774" errors="0" timestamp="01 Jan 2021 16:07:37 GMT">
  <testcase classname="com.test.DashboardTest" name="verifyCourses" time="0.005">
    <failure type="java.lang.NullPointerException" message="Cannot invoke &amp;quot;com.MavenFirstProject.DashboardPage.verifyCourses()&amp;quot; because &amp;quot;this.dp&amp;quot; is null">
      <![CDATA[java.lang.NullPointerException: Cannot invoke "com.MavenFirstProject.DashboardPage.verifyCourses()" because "this.dp" is null
at com.test.DashboardTest.verifyCourses(DashboardTest.java:11)
... Removed 35 stack frames]]>
    </failure>
  </testcase> <!-- verifyCourses -->
  <testcase classname="com.test.DemoTest" name="loginTest" time="30.752"/>
</testsuite> <!-- Command line test -->
